[  000000] niializin coup subsys cpuset
[    0.000000] Initializing cgroup subsys cpu
[    0.000000] Initializing cgroup subsys cpuacct
[    0.000000] Linux version 4.4.0-130-generic (buildd@lgw01-amd64-039) (gcc version 5.4.0 20160609 (Ubuntu 5.4.0-6ubuntu1~16.04.9) ) #156-Ubuntu SMP Thu Jun 14 08:53:28 UTC 2018 (Ubuntu 4.4.0-130.156-generic 4.4.134)
[    0.000000] Command line: BOOT_IMAGE=/boot/vmlinuz-4.4.0-130-generic root=UUID=84e91f24-0077-403-aab8-b49b8e1f4506 ro console=tty1 console=ttyS0
[    0.000000] KERNEL supported cpus:
[    0.000000]   Intel GenuineIntel
[    0.000000]   AMD AuthenticAMD
[    0.000000]   Centaur CentaurHauls
[    0.000000] x86/fpu: Legacy x87 FPU detected.
[    0.000000] x86/fpu: Using 'eager' FPU context switches.
[    0.000000] e820: BIOS-provided physical RAM map:
[    0.000000] BIOS-e820: [mem 0x0000000000000000-0x000000000009fbff] usable
[    0.000000] BIOS-e820: [mem 0x000000000009fc00-0x000000000009ffff] reserved
[    0.000000] BIOS-e820: [mem 0x00000000000f0000-0x00000000000fffff] reserved
[    0.000000] BIOS-e820: [mem 0x0000000000100000-0x000000003ffeffff] usable
[    0.000000] BIOS-e820: [mem 0x000000003fff0000-0x000000003fffffff] ACPI data
[    0.000000] BIOS-e820: [mem 0x00000000fffc0000-0x00000000ffffffff] reserved
[    0.000000] NX (Excute isbl) prteion:cte
[  00000] MBIO 2 preset.
[    0.000000] e820: last_pfn = 0x3fff0 max_arch_pfn = 0x400000000
[    0.000000] MTRR: Disabled
[    0.000000] x86/PAT: MTRRs disabled, skipping PAT initialization too.
[    0.000000] CPU MTRRs all blank - virtualized system.
[    0.000000] x86/PAT: Configuration [0-7]: WB  WT  UC- UC  WB  WT  UC- UC  
[    0.000000] found SMP MP-table at [mem 0x0009fff0-0x0009ffff] mapped at [ffff88000009fff0]
[    0.000000] Scanning 1 areas for low memory crruption
[    0.000000] RAMDISK: [mem 0x361ee000-0x370eefff]
[    0.000000] ACPI: Early table checksum verification disabled
[    0.000000] ACPI: RSDP 0x00000000000E0000 000024 (v02 VBOX  )
[    0.000000] ACPI: XSDT 0x000000003FFF0030 00003C (v01 VBOX   VBOXXSDT 00000001 ASL  00000061)
[    0.000000] ACPI: FACP 0x000000003FFF00F0 0000F4 (v04 VBOX   VBOXFACP 00000001 ASL  00000061)
[    0.000000] ACPI: DSDT 0x000000003FFF0470 001BF1 (v01 VBOX   VBOXBIOS 00000002 INTL 20100528)
[    0.000000] ACPI: FACS 0x000000003FFF0200 000040
[    0.000000] ACPI: FACS 0x000000003FFF0200 000040
[    0.000000] ACPI: APIC 0x000000003FFF0240 00005C (v02 VBOX   VBOXAPIC 00000001 ASL  00000061)
[    0.000000] ACPI: SSDT 0x000000003FFF02A0 0001CC (v01 VBOX   VBOXCPUT 00000002 INTL 20100528)
[    0.000000] No NUMA configuration found
[    0.000000] Faking a node at [mem 0x0000000000000000-0x000000003ffeffff]
[    0.000000] NODE_DATA(0) allocated [mem 0x3ffeb000-0x3ffeffff]
[    0.000000] Zone ranges:
[    0.000000]   DMA      [mem 0x0000000000001000-0x0000000000ffffff]
[    0.000000]   DMA3   [mem 0x0000000000-0x000003ffeffff]
[   00000]  Nrmal  pty[  0.000000]   evce  empty
[    0.000000] Movable zone start for each node
[    0.000000] Early memory node ranges
[    0.000000]   node   0: [mem 0x0000000000001000-0x000000000009efff]
[    0.000000]   node   0: [mem 0x0000000000100000-0x000000003ffeffff]
[    0.000000] Initmem setup node 0 [mem 0x0000000000001000-0x000000003ffeffff]
[    0.000000] ACPI: PM-Timer IO Port: 0x4008
[    0.000000] IOAPIC[0]: apic_id 2, version 17, address 0xfec00000, GSI 0-23
[    0.000000] ACPI: INT_SRC_OVR (bus 0 bus_irq 0 global_irq 2 dfl dfl)
[    0.000000] ACPI: INT_SRC_OVR (bus 0 bus_irq 9 global_irq 9 high level)
[    0.000000] Using ACPI (MADT) for SMP configuration information
[   0.0000] smoo: Alwing 2 PUs, 0 hotplug CPUs
[    0.000000] PM: Reiserd nosae emry: [mm x0000000-x000ff]
[   00000]M:Regierd nosave memory: [mem 0x0009f000-0x0009ffff]
[    0.000000] PM: Registered nosave memory: [mem 0x000a0000-0x000effff]
[    0.000000] PM: Registered nosave memory: [mem 0x000f0000-0x000fffff]
[    0.000000] e820: [mem 0x40000000-0xfffbffff] available for PCI devices
[    0.000000] Booting paravirtualize krnl on be ardwar
   0.00000 cocksouce rfined-jifie: ask: 0xffffffff max_cycles: 0xffffffff, max_idle_ns: 7645519600211568 ns
[    0.000000] setup_percpu: NR_CPUS:512 nr_cpumask_bits:512 nr_cpu_ids:2 nr_node_ids:1
[    0.000000] PERCPU: Embedded 34 pages/cpu @ffff88003fc00000 s99544 r8192 d31528 u1048576
[    0.000000] Built 1 zonelists in Node order, mobility grouping on.  Total pages: 257912
[    0.000000] Policy zone: DMA32
[    0.000000] Kernel command line: BOOT_IMAGE=/boot/vmlinuz-4.4.0-130-generc oo=UUI=891224-07740-aab-bb8e150ro cnse=ty cnslettyS
   0.00000PID hash table entries: 4096 (order: 3, 32768 bytes)
[    0.000000] Memory: 997188K/1048120K available (8546K kernel code, 1313K rwdata, 4000K rodata, 1516K init, 1316K bss, 50932K rered, 0K cma-reserved)
[    0.000000] SLUB: HWalign=64, Order=0-3, MinObject=0 CUs2, Nodes=1
[    0.000000] Kernel/User page tables isolation: enabled
[    0.000000] Hierarchical RCU implementation.
[    0.000000] 	Build-time adjusmet f eaf fano t 64.[   0.000]RCrestctng CUs from NR_CPUS=512 to nr_cpu_ids=2.
[    0.000000] RCU: Adjusting geometry for rcu_fanout_leaf=64, nr_cpu_ids=2
[   .000000]NRRQS:30 n_iqs4016   0000] Csoe: cou VGA 825
  0.000000] console [tty1] enabled
[    0.000000] console [ttyS0] enabled

[    0.000000] tsc: Fast TSC calibration using PIT
[    0.000000] tsc: Detected 3392.756 MHz processor
[    0.004021] Calibrating delay loop (skipped), value calculated using timer frequency.. 6785.51 BogoMIPS (lpj=13571024)
[    0.008011] pid_max: default: 32768 minimum: 301
[    0.012024] ACPI: Core revision 20150930
[    0.016148] ACPI: 2 ACPI AML tables successfully acquired and loaded
[    0.017102] Security Framework initialized
[    0.017708] Yama: becoming mindful.
[    0.018354] AppArmor: AppArmor initialized
[    0.019025] Dentry cache hash table entries: 131072 (order: 8, 1048576 bytes)
[    0.020332] Inode-cache hash table entries: 65536 (order: 7, 524288 bytes)
[    0.021251] Mount-cache hash table entries: 2048 (order: 2, 16384 bytes)
[    0.022185] Mountpoint-cache hash table entries: 2048 (order: 2, 16384 bytes)
[    0.024147] Initializing cgroup subsys io
[    0.024743] Initializing cgroup subsys memory
[    0.025370] Initializing cgroup subsys devices
[    0.026007] Initializing cgroup subsys freezer
[    0.028010] Initializing cgroup subsys net_cls
[    0.028658] Initializing cgroup subsys perf_event
[    0.029322] Initializing cgroup subsys net_prio
[    0.029965] Initializing cgroup subsys hugetlb
[    0.030600] Initializing cgroup subsys pids
[    0.031263] CPU: Physical Processor ID: 0
[    0.032008] CPU: Processor Core ID: 0
[    0.032596] mce: CPU supports 0 MCE banks
[    0.033207] Last level iTLB entries: 4KB 1024, 2MB 1024, 4MB 1024
[    0.034037] Last level dTLB entries: 4KB 1024, 2MB 1024, 4MB 1024, 1GB 4
[    0.036009] Spectre V2 : Mitigation: Full generic retpoline
[    0.036771] Spectre V2 : Speculation control IBPB not-supported IBRS not-supported
[    0.040008] Speculative Store Bypass: Vulnerable
[    0.043340] Freeing SMP alternatives memory: 32K
[    0.053990] ftrace: allocating 32245 entries in 126 pages
[    0.072095] smpboot: APIC(0) Converting physical 0 to logical package 0
[    0.076010] smpboot: Max logical packages: 1
[    0.077627] ..TIMER: vector=0x30 apic1=0 pin1=2 apic2=-1 pin2=-1
[    0.124000] smpboot: CPU0: Intel(R) Core(TM) i7-4770 CPU @ 3.40GHz (family: 0x6, model: 0x3c, stepping: 0x3)
[    0.132372] Performance Events: unsupported p6 CPU model 60 no PMU driver, software events only.
[    0.136323] NMI watchdog: disabled (cpu0): hardware events not enabled
[    0.137265] NMI watchdog: Shutting down hard lockup detector on all cpus
[    0.144113] x86: Booting SMP configuration:
[    0.144941] .... node  #0, CPUs:      #1
[    0.008000] mce: CPU supports 0 MCE banks
[    0.148046] x86: Booted up 1 node, 2 CPUs
[    0.152021] smpboot: Total of 2 processors activated (13571.02 BogoMIPS)
[    0.156258] devtmpfs: initialized
[    0.161106] evm: security.selinux
[    0.164006] evm: security.SMACK64
[    0.164534] evm: security.SMACK64EXEC
[    0.165093] evm: security.SMACK64TRANSMUTE
[    0.165694] evm: security.SMACK64MMAP
[    0.168005] evm: security.ima
[    0.168495] evm: security.capability
[    0.169120] clocksource: jiffies: mask: 0xffffffff max_cycles: 0xffffffff, max_idle_ns: 7645041785100000 ns
[    0.169402] futex hash table entries: 512 (order: 3, 32768 bytes)
[    0.170272] pinctrl core: initialized pinctrl subsystem
[    0.172112] RTC time: 10:52:47, date: 08/10/18
[    0.172904] NET: Registered protocol family 16
[    0.188011] cpuidle: using governor ladder
[    0.200012] cpuidle: using governor menu
[    0.204033] PCCT header not found.
[    0.208067] ACPI: bus type PCI registered
[    0.212009] acpiphp: ACPI Hot Plug PCI Controller Driver version: 0.5
[    0.212937] PCI: Using configuration type 1 for base access
[    0.228358] ACPI: Added _OSI(Module Device)
[    0.232017] ACPI: Added _OSI(Processor Device)
[    0.232654] ACPI: Added _OSI(3.0 _SCP Extensions)
[    0.233311] ACPI: Added _OSI(Processor Aggregator Device)
[    0.236442] ACPI: Executed 1 blocks of module-level executable AML code
[    0.239041] ACPI: Interpreter enabled
[    0.240023] ACPI: (supports S0 S5)
[    0.244008] ACPI: Using IOAPIC for interrupt routing
[    0.244897] PCI: Using host bridge windows from ACPI; if necessary, use "pci=nocrs" and report a bug
[    0.249568] ACPI: PCI Root Bridge [PCI0] (domain 0000 [bus 00-ff])
[    0.250403] acpi PNP0A03:00: _OSC: OS supports [ASPM ClockPM Segments MSI]
[    0.252009] acpi PNP0A03:00: _OSC failed (AE_NOT_FOUND); disabling ASPM
[    0.256030] acpi PNP0A03:00: fail to add MMCONFIG information, can't access extended PCI configuration space under this bridge.
[    0.260351] PCI host bridge to bus 0000:00
[    0.261207] pci_bus 0000:00: root bus resource [io  0x0000-0x0cf7 window]
[    0.262421] pci_bus 0000:00: root bus resource [io  0x0d00-0xffff window]
[    0.263631] pci_bus 0000:00: root bus resource [mem 0x000a0000-0x000bffff window]
[    0.264009] pci_bus 0000:00: root bus resource [mem 0x40000000-0xffdfffff window]
[    0.265268] pci_bus 0000:00: root bus resource [bus 00-ff]
[    0.273437] pci 0000:00:01.1: legacy IDE quirk: reg 0x10: [io  0x01f0-0x01f7]
[    0.274592] pci 0000:00:01.1: legacy IDE quirk: reg 0x14: [io  0x03f6]
[    0.276855] pci 0000:00:01.1: legacy IDE quirk: reg 0x18: [io  0x0170-0x0177]
[    0.280014] pci 0000:00:01.1: legacy IDE quirk: reg 0x1c: [io  0x0376]
[    0.299278] ACPI: PCI Interrupt Link [LNKA] (IRQs 5 9 10 11) *0, disabled.
[    0.301041] ACPI: PCI Interrupt Link [LNKB] (IRQs 5 9 10 *11)
[    0.304299] ACPI: PCI Interrupt Link [LNKC] (IRQs 5 9 *10 11)
[    0.306691] ACPI: PCI Interrupt Link [LNKD] (IRQs 5 *9 10 11)
[    0.308590] ACPI: Enabled 2 GPEs in block 00 to 07
[    0.312121] vgaarb: setting as boot device: PCI:0000:00:02.0
[    0.312768] vgaarb: device added: PCI:0000:00:02.0,decodes=io+mem,owns=io+mem,locks=none
[    0.316012] vgaarb: loaded
[    0.316486] vgaarb: bridge control possible 0000:00:02.0
[    0.317707] SCSI subsystem initialized
[    0.320127] ACPI: bus type USB registered
[    0.324036] usbcore: registered new interface driver usbfs
[    0.328016] usbcore: registered new interface driver hub
[    0.328764] usbcore: registered new device driver usb
[    0.332100] PCI: Using ACPI for IRQ routing
[    0.336219] NetLabel: Initializing
[    0.340006] NetLabel:  domain hash size = 128
[    0.344007] NetLabel:  protocols = UNLABELED CIPSOv4
[    0.348027] NetLabel:  unlabeled traffic allowed by default
[    0.352055] amd_nb: Cannot enumerate AMD northbridges
[    0.356076] clocksource: Switched to clocksource refined-jiffies
[    0.367891] AppArmor: AppArmor Filesystem Enabled
[    0.368082] pnp: PnP ACPI init
[    0.372599] pnp: PnP ACPI: found 4 devices
[    0.387722] clocksource: acpi_pm: mask: 0xffffff max_cycles: 0xffffff, max_idle_ns: 2085701024 ns
[    0.388262] clocksource: Switched to clocksource acpi_pm
[    0.389031] NET: Registered protocol family 2
[    0.402692] TCP established hash table entries: 8192 (order: 4, 65536 bytes)
[    0.403592] TCP bind hash table entries: 8192 (order: 5, 131072 bytes)
[    0.404456] TCP: Hash tables configured (established 8192 bind 8192)
[    0.405288] UDP hash table entries: 512 (order: 2, 16384 bytes)
[    0.065]DPit hh ab etries: 512 (order: 2, 16384 bytes)
[    1.010854] NET: Registered protocol family 1
[    1.1191pc 00:0:.0Liitg irec PI/I rafes
[  20172] i 0000010:AcvainISDM hngworkarun
   3344]npkig itams.
[    3.993395] Freeing initrd memory: 15364K
[    4.047391] RAPL PMU detected, API unit is 2^-32 Joules, 4 fixed counters 10737418240 ms ovfl timer
[    4.048999] hw unit of domain pp0-core 2^-0 Joules
[    4.049673] hw unit of domain package 2^-0 Joules
[    4.070482] hw unit of domain dram 2^-0 Joules
[    4.071116] hw unit of domain pp1-gpu 2^-0 Joules
[    4.071842] platform rtc_cmos: registered platform RTC device (no PNP device found)
[    4.074173] Scanning for low memory corruption every 60 seconds
[    4.082701] audit: initializing netlink subsys (disabled)
[    4.101310] audit: type=2000 audit(1533898367.099:1): initialized
[    4.104754] Initialise system trusted keyring
[    4.112330] HugeTLB registered 2 MB page size, pre-allocated 0 pages
[    4.114529] zbud: loaded
[    4.116619] VFS: Disk quotas dquot_6.6.0
[    4.118437] VFS: Dquot-cache hash table entries: 512 (order 0, 4096 bytes)
[    4.121881] squashfs: version 4.0 (2009/01/31) Phillip Lougher
[    4.123368] fuse init (API version 7.23)
[    4.124126] Key type big_key registered
[    4.124859] Allocating IMA MOK and blacklist keyins.

[    4.271636] Key type asymmetric registered
[    4.303622] Asymmetric key parser 'x509' registered
[    4.304392] Block layer SCSI generic (bsg) driver version 0.4 loaded (major 249)
[    4.312983] io scheduler noop registered
[    4.352542] io scheduler deadline registered (default)
[    4.379907] io scheduler cfq registered
[    4.391137] pci_hotplug: PCI Hot Plug PCI Core version: 0.5
[    4.391896] pciehp: PCI Express Hot Plug Controller Driver version: 0.4
[    4.394159] ACPI: AC Adapter [AC] (on-line)
[    4.394816] input: Power Button as /devices/LNXSYSTM:00/LNXPWRBN:00/input/input0
[    4.399170] ACPI: Power Button [PWRF]
[    4.399785] input: Sleep Button as /devices/LNXSYSTM:00/LNXSLPBN:00/input/input1
[    4.410325] ACPI: Sleep Button [SLPF]
[    4.412511] GHES: HEST is not enabled!
[    4.477875] Serial: 8250/16550 driver, 32 ports, IRQ sharing enabled
[    4.569506] 00:03: ttyS0 at I/O 0x3f8 (irq = 4, base_baud = 115200) is a 16550A
[    4.588075] Linux agpgart interface v0.103
[    4.596724] loop: module loaded
[    4.609938] scsi host0: ata_piix
[    46273 si ht1: ata_piix
[    5.002001] ata1: PATA max UDMA/33 cmd 0x1f0 ctl 0x3f6 bmdma 0xd000 irq 14
[    5.003310] ata2: PATA max UDMA/33 cmd 0x170 ctl 0x376 bmdma 0xd008 irq 15
[   5.00471]libpy:ix MIOus pob
[   .0833] c:Refied TSC clocksource calibration: 3392.554 MHz
[    5.068334] clocksource: tsc: mask: 0xffffffffffffffff max_cycles: 0x30e6d485e9b, max_idle_ns: 440795321224 ns
[    6.073061] clocksource: Switched to clocksource tsc
[    6.073066] tun: Universal TUN/TAP device driver, 1.6
[    6.073068] tun: (C) 1999-2004 Max Krasnyansky <maxk@qualcomm.com>
[    6.073127] PPP generic driver version 2.4.2
[    6.073177] ehci_hcd: USB 2.0 'Enhanced' Host Controller (EHCI) Driver
[    6.073182] ehci-pci: EHCI PCI platform driver
[    6.073190] ehci-platform: EHCI generic platform driver
[    6.073196] ohci_hcd: USB 1.1 'Open' Host Controller (OHCI) Driver
[    6.073199] ohci-pci: OHCI PCI platform driver
[    6.073206] ohci-platform: OHCI generic platform driver
[    6.073212] uhci_hcd: USB Universal Host Controller Interface driver
[    6.073256] i8042: PNP: PS/2 Controller [PNP0303:PS2K,PNP0f03:PS2M] at 0x60,0x64 irq 1,12
[    6.073962] serio: i8042 KBD port at 0x60,0x64 irq 1
[    6.073968] serio: i8042 AUX port at 0x60,0x64 irq 12
[    6.074062] mousedev: PS/2 mouse device common for all mice
[    6.074391] input: AT Translated Set 2 keyboard as /devices/platform/i8042/serio0/input/input2
[    6.074786] rtc_cmos rtc_cmos: rtc core: registered rtc_cmos as rtc0
[    6.074834] rtc_cmos rtc_cmos: alarms up to one day, 114 bytes nvram
[    6.074839] i2c /dev entries driver
[    6.074881] device-mapper: uevent: version 1.0.3
[    6.074925] device-mapper: ioctl: 4.34.0-ioctl (2015-10-28) initialised: dm-devel@redhat.com
[    6.074940] ledtrig-cpu: registered to indicate activity on CPUs
[    6.076257] NET: Registered protocol family 10
[    6.076382] NET: Registered protocol family 17
[    6.076392] Key type dns_resolver registered
[    6.076515] microcode: CPU0 sig=0x306c3, pf=0x2, revision=0x19
[    6.078104] microcode: CPU1 sig=0x306c3, pf=0x2, revision=0x19
[    6.078134] microcode: Microcode Update Driver: v2.01 <tigran@aivazian.fsnet.co.uk>, Peter Oruba
[    6.078246] registered taskstats version 1
[    6.078263] Loading compiled-in X.509 certificates
[    6.078771] Loaded X.509 cert 'Build time autogenerated kernel key: b3e0fe4bcd6378c38a2c0a4648abbc1fa5043a22'
[    6.078786] zswap: loaded using pool lzo/zbud
[    6.085439] Key type trusted registered
[    6.087864] Key type encrypted registered
[    6.087870] AppArmor: AppArmor sha1 policy hashing enabled
[    6.087874] ima: No TPM chip found, activating TPM-bypass!
[    6.087879] ima: Allocated hash algorithm: sha1
[    6.087896] evm: HMAC attrs: 0x1
[    6.088159]   Magic number: 14:162:881
[    6.090134] rtc_cmos rtc_cmos: setting system clock to 2018-08-10 10:52:54 UTC (1533898374)
[    6.090223] BIOS EDD facility v0.16 2004-Jun-25, 0 devices found
[    6.090225] EDD information not available.
[    6.179501] Freeing unused kernel memory: 1516K
[    6.216087] Write protecting the kernel read-only data: 14336k
[    6.249099] Freeing unused kernel memory: 1680K
[    6.249985] Freeing unused kernel memory: 96K
Loading, please wait...
starting version[    6.263712] random: systemd-udevd: uninitialized urandom read (16 bytes read, 2 bits of entropy available)
 229
[    6.264157] random: udevadm: uninitialized urandom read (16 bytes read, 2 bits of entropy available)
[    6.264187] random: udevadm: uninitialized urandom read (16 bytes read, 2 bits of entropy available)
[    6.274400] random: udevadm: uninitialized urandom read (16 bytes read, 2 bits of entropy available)
[    6.274436] random: udevadm: uninitialized urandom read (16 bytes read, 2 bits of entropy available)
[    6.274561] random: udevadm: uninitialized urandom read (16 bytes read, 2 bits of entropy available)
[    6.274612] random: udevadm: uninitialized urandom read (16 bytes read, 2 bits of entropy available)
[    6.274662] random: udevadm: uninitialized urandom read (16 bytes read, 2 bits of entropy available)
[    6.274724] random: udevadm: uninitialized urandom read (16 bytes read, 2 bits of entropy available)
[    6.274775] random: udevadm: uninitialized urandom read (16 bytes read, 2 bits of entropy available)
[    6.388952] e1000: Intel(R) PRO/1000 Network Driver - version 7.3.21-k8-NAPI
[    6.410767] e1000: Copyright (c) 1999-2006 Intel Corporation.
[    6.416772] Fusion MPT base driver 3.04.20
[    6.425765] Copyright (c) 1999-2008 LSI Corporation
[    6.438354] Fusion MPT SPI Host driver 3.04.20
[    6.635010] input: ImExPS/2 Generic Explorer Mouse as /devices/platform/i8042/serio1/input/input4
[    6.780733] e1000 0000:00:03.0 eth0: (PCI:33MHz:32-bit) 02:40:c1:fa:9b:f5
[    6.782762] e1000 0000:00:03.0 eth0: Intel(R) PRO/1000 Network Connection
[    6.790148] e1000 0000:00:03.0 enp0s3: renamed from eth0
[    6.790935] mptbase: ioc0: Initiating bringup
[    6.866481] ioc0: LSI53C1030 A0: Capabilities={Initiator}
[    7.197855] scsi host2: ioc0: LSI53C1030 A0, FwRev=00000000h, Ports=1, MaxQ=256, IRQ=20
[    7.707597] scsi 2:0:0:0: Direct-Access     VBOX     HARDDISK         1.0  PQ: 0 ANSI: 5
[    7.750867] scsi target2:0:0: Beginning Domain Validation
[    7.758832] scsi target2:0:0: Domain Validation skipping write tests
[    7.805932] scsi target2:0:0: Ending Domain Validation
[    7.824644] scsi target2:0:0: asynchronous
[    8.441242] scsi 2:0:1:0: Direct-Access     VBOX     HARDDISK         1.0  PQ: 0 ANSI: 5
[    8.444579] scsi target2:0:1: Beginning Domain Validation
[    8.516663] scsi target2:0:1: Domain Validation skipping write tests
[    8.518751] scsi target2:0:1: Ending Domain Validation
[    8.524812] scsi target2:0:1: asynchronous
[    8.531832] sd 2:0:0:0: [sda] 20971520 512-byte logical blocks: (10.7 GB/10.0 GiB)
[    8.533083] sd 2:0:0:0: Attached scsi generic sg0 type 0
[    8.533981] sd 2:0:0:0: [sda] Write Protect is off
[    8.534791] sd 2:0:0:0: [sda] Incomplete mode parameter data
[    8.535017] sd 2:0:1:0: [sdb] 20480 512-byte logical blocks: (10.5 MB/10.0 MiB)
[    8.535191] sd 2:0:1:0: [sdb] Write Protect is off
[    8.535310] sd 2:0:1:0: [sdb] Incomplete mode parameter data
[    8.535312] sd 2:0:1:0: [sdb] Assuming drive cache: write through
[    8.540317] sd 2:0:1:0: Attached scsi generic sg1 type 0
[    8.562355] sd 2:0:1:0: [sdb] Attached SCSI disk
[    8.810846] sd 2:0:0:0: [sda] Assuming drive cache: write through
[    8.835814]  sda: sda1
[    9.151934] sd 2:0:0:0: [sda] Attached SCSI disk
Begin: Loading e[   10.518288] md: linear personality registered for level -1
ssential drivers[   10.591412] md: multipath personality registered for level -4
 ... [   10.683100] md: raid0 personality registered for level 0
[   10.686153] md: raid1 personality registered for level 1
[   10.756054] raid6: sse2x1   gen() 11176 MB/s
[   10.872046] raid6: sse2x1   xor()  8413 MB/s
[   10.944057] raid6: sse2x2   gen() 14057 MB/s
[   11.116802] raid6: sse2x2   xor()  9580 MB/s
[   11.188842] raid6: sse2x4   gen() 16540 MB/s
[   11.268851] raid6: sse2x4   xor() 11779 MB/s
[   11.312460] raid6: using algorithm sse2x4 gen() 16540 MB/s
[   11.313259] raid6: .... xor() 11779 MB/s, rmw enabled
[   11.313982] raid6: using ssse3x2 recovery algorithm
[   11.315755] xor: measuring software checksum speed
[   11.356064]    prefetch64-sse: 23185.000 MB/sec
[   11.416072]    generic_sse: 18587.000 MB/sec
[   11.440625] xor: using function: prefetch64-sse (23185.000 MB/sec)
[   11.453598] async_tx: api initialized (async)
[   11.459762] md: raid6 personality registered for level 6
[   11.461628] md: raid5 personality registered for level 5
[   11.462420] md: raid4 personality registered for level 4
[   11.468595] md: raid10 personality registered for level 10
done.
Begin: Running /scripts/init-premount ... done.
Begin: Mounting root file system ... Begin: Running /scripts/local-top ... done.
Begin: Running /scripts/local-premount ... [   11.493903] Btrfs loaded
Scanning for Btrfs filesystems
done.
Warning: fsck no[   11.607725] EXT4-fs (sda1): INFO: recovery required on readonly filesystem
t present, so skipping root file system
[   11.618608] EXT4-fs (sda1): write access will be enabled during recovery
[   12.095756] random: nonblocking pool is initialized
[   12.507977] EXT4-fs (sda1): orphan cleanup on readonly fs
[   12.514127] EXT4-fs (sda1): 2 orphan inodes deleted
[   12.546287] EXT4-fs (sda1): recovery complete
[   12.559276] EXT4-fs (sda1): mounted filesystem with ordered data mode. Opts: (null)
done.
Begin: Running /scripts/local-bottom ... done.
Begin: Running /scripts/init-bottom ... done.
[   14.158335] systemd[1]: systemd 229 running in system mode. (+PAM +AUDIT +SELINUX +IMA +APPARMOR +SMACK +SYSVINIT +UTMP +LIBCRYPTSETUP +GCRYPT +GNUTLS +ACL +XZ -LZ4 +SECCOMP +BLKID +ELFUTILS +KMOD -IDN)
[   14.173482] systemd[1]: Detected virtualization oracle.
[   14.191899] systemd[1]: Detected architecture x86-64.

Welcome to [1mUbuntu 16.04.4 LTS[0m!

[   14.271581] systemd[1]: Set hostname to <ubuntu-xenial>.
[   16.154060] systemd[1]: Set up automount Arbitrary Executable File Formats File System Automount Point.
[[0;32m  OK  [0m] Set up automount Arbitrary Executab...ats File System Automount Point.
[   16.200643] systemd[1]: Reached target System Time Synchronized.
[[0;32m  OK  [0m] Reached target System Time Synchronized.
[   16.202314] systemd[1]: Listening on Journal Socket.
[[0;32m  OK  [0m] Listening on Journal Socket.
[   16.203740] systemd[1]: Reached target Swap.
[[0;32m  OK  [0m] Reached target Swap.
[   16.205115] systemd[1]: Listening on Journal Audit Socket.
[[0;32m  OK  [0m] Listening on Journal Audit Socket.
[   16.206658] systemd[1]: Listening on Device-mapper event daemon FIFOs.
[[0;32m  OK  [0m] Listening on Device-mapper event daemon FIFOs.
[   16.208370] systemd[1]: Listening on Syslog Socket.
[[0;32m  OK  [0m] Listening on Syslog Socket.
[   16.209688] systemd[1]: Listening on LVM2 poll daemon socket.
[[0;32m  OK  [0m] Listening on LVM2 poll daemon socket.
[   16.211228] systemd[1]: Started Trigger resolvconf update for networkd DNS.
[[0;32m  OK  [0m] Started Trigger resolvconf update for networkd DNS.
[   16.212879] systemd[1]: Listening on LVM2 metadata daemon socket.
[[0;32m  OK  [0m] Listening on LVM2 metadata daemon socket.
[   16.214459] systemd[1]: Reached target Encrypted Volumes.
[[0;32m  OK  [0m] Reached target Encrypted Volumes.
[   16.215944] systemd[1]: Listening on udev Kernel Socket.
[[0;32m  OK  [0m] Listening on udev Kernel Socket.
[   16.217740] systemd[1]: Created slice User and Session Slice.
[[0;32m  OK  [0m] Created slice User and Session Slice.
[   16.219324] systemd[1]: Started Forward Password Requests to Wall Directory Watch.
[[0;32m  OK  [0m] Started Forward Password Requests to Wall Directory Watch.
[   16.222165] systemd[1]: Listening on udev Control Socket.
[[0;32m  OK  [0m] Listening on udev Control Socket.
[   16.225175] systemd[1]: Created slice System Slice.
[[0;32m  OK  [0m] Created slice System Slice.
[   16.236333] systemd[1]: Starting Nameserver information manager...
         Starting Nameserver information manager...
[   16.444712] systemd[1]: Reached target Slices.
[[0;32m  OK  [0m] Reached target Slices.
[   16.604252] systemd[1]: Starting Monitoring of LVM2 mirrors, snapshots etc. using dmeventd or progress polling...
         Starting Monitoring of LVM2 mirrors... dmeventd or progress polling...
[   16.640876] systemd[1]: Starting Create list of required static device nodes for the current kernel...
         Starting Create list of required st... nodes for the current kernel...
[   16.667688] systemd[1]: Created slice system-serial\x2dgetty.slice.
[[0;32m  OK  [0m] Created slice system-serial\x2dgetty.slice.
[   16.670337] systemd[1]: Mounting POSIX Message Queue File System...
         Mounting POSIX Message Queue File System...
[   16.677891] systemd[1]: Starting Remount Root and Kernel File Systems...
         Starting Remount Root and Kernel File Systems...
[   16.680165] systemd[1]: Mounting Debug File System...
         Mounting Debug File System...
[   16.681627] systemd[1]: Listening on Journal Socket (/dev/log).
[[0;32m  OK  [0m] Listening on Journal Socket (/dev/log).
[   16.683899] systemd[1]: Mounting Huge Pages File System...
         Mounting Huge Pages File System...
[   16.826194] systemd[1]: Listening on /dev/initctl Compatibility Named Pipe.
[   16.916593] EXT4-fs (sda1): re-mounted. Opts: (null)
[[0;32m  OK  [0m] Listening on /dev/initctl Compatibility Named Pipe.
[   17.043677] systemd[1]: Reached target User and Group Name Lookups.
[[0;32m  OK  [0m] Reached target User and Group Name Lookups.
[   17.092240] systemd[1]: Starting Uncomplicated firewall...
         Starting Uncomplicated firewall...
[   17.312553] systemd[1]: Starting Load Kernel Modules...
[   17.393268] Loading iSCSI transport class v2.0-870.
         Starting Load Kernel Modules...
[   17.411271] systemd[1]: Starting Journal Service...
         Starting Journal Service...
[   17.413389] systemd[1]: Starting Set console keymap...
         Starting Set console keymap...
[   17.416116] systemd[1]: Mounted Debug File System.
[[0;32m  OK  [0m] Mounted Debug File System.
[   17.418812] systemd[1]: Mounted POSIX Message Queue File System.
[[0;32m  OK  [0m] Mounted POSIX Message Queue File System.
[   17.434999] systemd[1]: Mounted Huge Pages File System.
[[0;32m  OK  [0m] Mounted Huge Pages File System.
[   17.442746] iscsi: registered transport (tcp)
[   17.452927] systemd[1]: Started Create list of required static device nodes for the current kernel.
[[0;32m  OK  [0m] Started Create list of required sta...ce nodes for the current kernel.
[   17.689678] systemd[1]: Started Remount Root and Kernel File Systems.
[[0;32m  OK  [0m] Started Remount Root and Kernel File Systems.
[   17.793691] systemd[1]: Started Uncomplicated firewall.
[[0;32m  OK  [0m] Started Uncomplicated firewall.
[   17.876237] systemd[1]: Started Nameserver information manager.
[[0;32m  OK  [[   17.889162] iscsi: registered transport (iser)
0m] Started Nameserver information manager.
[   17.914346] systemd[1]: Started Load Kernel Modules.
[[0;32m  OK  [0m] Started Load Kernel Modules.
[   17.920885] systemd[1]: Started Set console keymap.
[[0;32m  OK  [0m] Started Set console keymap.
[   17.941621] systemd[1]: Started Journal Service.
[[0;32m  OK  [0m] Started Journal Service.
[[0;32m  OK  [0m] Started LVM2 metadata daemon.
         Mounting FUSE Control File System...
         Starting Apply Kernel Variables...
         Starting Load/Save Random Seed...
         Starting Flush Journal to Persistent Storage...
         Starting udev Coldplug all Devices...
         Starting Create Static Device Nodes in /dev...
[[0;32m  OK  [0m] Mounted FUSE Control File System.
[[0;32m  OK  [0m] Started Monitoring of LVM2 mirrors,...ng dmeventd or progress polling.
[[0;32m  OK  [0m] Started Apply Kernel Variables.
[[0;32m  OK  [0m] Started Load/Save Random Seed.
[[0;32m  OK  [0m] Started Create Static Device Nodes in /dev.
[[0;32m  OK  [0m] Started udev Coldplug all Devices.
         Starting udev Kernel Device Manager...
[[0;32m  OK  [0m] Started Flush Journal to Persistent Storage.
[[0;32m  OK  [0m] Started udev Kernel Device Manager.
[[0;32m  OK  [0m] Started Dispatch Password Requests to Console Directory Watch.
[[0;32m  OK  [0m] Reached target Local File Systems (Pre).
[[0;32m  OK  [0m] Reached target Local File Systems.
         Starting Create Volatile Files and Directories...
         Starting Set console font and keymap...
         Starting Tell Plymouth To Write Out Runtime Data...
         Starting Initial cloud-init job (pre-networking)...
         Starting LSB: AppArmor initialization...
[[0;32m  OK  [0m] Started Create Volatile Files and Directories.
[[0;32m  OK  [0m] Found device /dev/ttyS0.
[[0;32m  OK  [0m] Started Tell Plymouth To Write Out Runtime Data.
         Starting Update UTMP about System Boot/Shutdown...
[[0;32m  OK  [0m] Started Update UTMP about System Boot/Shutdown.
[[0;32m  OK  [0m] Found device 82540EM Gigabit Ethern...r (PRO/1000 MT Desktop Adapter).
[[0;32m  OK  [0m] Listening on Load/Save RF Kill Switch Status /dev/rfkill Watch.
[[0;32m  OK  [0m] Started LSB: AppArmor initialization.
[[0;32m  OK  [0m] Started Set console font and keymap.
[[0;32m  OK  [0m] Created slice system-getty.slice.
[   24.231765] cloud-init[486]: Cloud-init v. 18.2 running 'init-local' at Fri, 10 Aug 2018 10:53:12 +0000. Up 23.68 seconds.
[[0;32m  OK  [0m] Started Initial cloud-init job (pre-networking).
[[0;32m  OK  [0m] Reached target Network (Pre).
[[0;32m  OK  [0m] Started ifup for enp0s3.
         Starting Raise network interfaces...
[[0;32m  OK  [0m] Started Raise network interfaces.
         Starting Initial cloud-init job (metadata service crawler)...
[[0;32m  OK  [0m] Reached target Network.
[   28.328630] cloud-init[976]: Cloud-init v. 18.2 running 'init' at Fri, 10 Aug 2018 10:53:13 +0000. Up 25.00 seconds.
[   28.365376] cloud-init[976]: ci-info: +++++++++++++++++++++++++++++++++++++Net device info++++++++++++++++++++++++++++++++++++++
[[   28.400427] cloud-init[976]: ci-info: +--------+------+----------------------------+---------------+-------+-------------------+
[0;32m  OK  [0m] Started Initial cloud-init job (metadata service crawler).
[   28.400697] cloud-init[976]: ci-info: | Device |  Up  |          Address           |      Mask     | Scope |     Hw-Address    |
[   28.569822] cloud-init[976]: ci-info: +--------+------+----------------------------+---------------+-------+-------------------+
[   28.570042] cloud-init[976]: ci-info: | enp0s3 | True |         10.0.2.15          | 255.255.255.0 |   .   | 02:40:c1:fa:9b:f5 |
[[0;32m  OK  [0m] Reached target Network is Online.
[   28.570153] cloud-init[976]: ci-info: | enp0s3 | True | fe80::40:c1ff:fefa:9bf5/64 |       .       |  link | 02:40:c1:fa:9b:f5 |
[   28.603851] cloud-init[976]: ci-info: |   lo   | True |         127.0.0.1          |   255.0.0.0   |   .   |         .         |
[   28.607284] cloud-init[976]: ci-info: |   lo   | True |          ::1/128           |       .       |  host |         .         |
[   28.644347] cloud-init[976]: ci-info: +--------+------+----------------------------+---------------+-------+-------------------+
[   28.644658] cloud-init[976]: ci-info: +++++++++++++++++++++++++++Route IPv4 info++++++++++++++++++++++++++++
         Starting iSCSI initiator daemon (iscsid)...
[   28.644776] cloud-init[976]: ci-info: +-------+-------------+----------+---------------+-----------+-------+
[   28.705027] cloud-init[976]: ci-info: | Route | Destination | Gateway  |    Genmask    | Interface | Flags |
[[0;32m  OK  [0m] Reached target Cloud-config availability.
[   28.705106] cloud-init[976]: ci-info: +-------+-------------+----------+---------------+-----------+-------+
[   28.761790] cloud-init[976]: ci-info: |   0   |   0.0.0.0   | 10.0.2.2 |    0.0.0.0    |   enp0s3  |   UG  |
[   28.761906] cloud-init[976]: ci-info: |   1   |   10.0.2.0  | 0.0.0.0  | 255.255.255.0 |   enp0s3  |   U   |
[   28.762073] cloud-init[976]: ci-info: +-------+-------------+----------+---------------+-----------+-------+
[[0;32m  OK  [0m] Reached target System Initialization.
[[0;32m  OK  [0m] Listening on ACPID Listen Socket.
         Starting Socket activation for snappy daemon.
         Starting Docker Socket for the API.
[[0;32m  OK  [0m] Listening on D-Bus System Message Bus Socket.
[[0;32m  OK  [0m] Started Daily Cleanup of Temporary Directories.
         Starting LXD - unix socket.
[[0;32m  OK  [0m] Started ACPI Events Check.
[[0;32m  OK  [0m] Reached target Paths.
[[0;32m  OK  [0m] Started Daily apt download activities.
[[0;32m  OK  [0m] Started Daily apt upgrade and clean activities.
[[0;32m  OK  [0m] Reached target Timers.
[[0;32m  OK  [0m] Listening on UUID daemon activation socket.
[[0;32m  OK  [0m] Listening on Socket activation for snappy daemon.
[[0;32m  OK  [0m] Listening on Docker Socket for the API.
[[0;32m  OK  [0m] Listening on LXD - unix socket.
[[0;32m  OK  [0m] Started iSCSI initiator daemon (iscsid).
         Starting Login to default iSCSI targets...
[[0;32m  OK  [0m] Reached target Sockets.
[[0;32m  OK  [0m] Reached target Basic System.
         Starting /etc/rc.local Compatibility...
         Starting Accounts Service...
         Starting LXD - container startup/shutdown...
         Starting Docker Application Container Engine...
[[0;32m  OK  [0m] Started Unattended Upgrades Shutdown.
[[0;32m  OK  [0m] Started D-Bus System Message Bus.
[[0;32m  OK  [0m] Started Deferred execution scheduler.
         Starting LSB: MD monitoring daemon...
         Starting LSB: Record successful boot for GRUB...
         Starting Virtualbox guest utils...
[[0;32m  OK  [0m] Started ACPI event daemon.
[[0;32m  OK  [0m] Started FUSE filesystem for LXC.
         Starting Login Service...
         Starting System Logging Service...
         Starting Apply the settings specified in cloud-config...
         Starting OpenBSD Secure Shell server...
[[0;32m  OK  [0m] Started Regular background program processing daemon.
         Starting Snappy daemon...
[[0;32m  OK  [0m] Started /etc/rc.local Compatibility.
[[0;32m  OK  [0m] Started System Logging Service.
         Starting Authenticate and Authorize Users to Run Privileged Tasks...
[[0;32m  OK  [0m] Started LSB: Record successful boot for GRUB.
[[0;32m  OK  [0m] Started Login Service.
[[0;32m  OK  [0m] Started Login to default iSCSI targets.
[[0;32m  OK  [0m] Reached target Remote File Systems (Pre).
[[0;32m  OK  [0m] Reached target Remote File Systems.
         Starting LSB: Set up cgroupfs mounts....
         Starting LSB: automatic crash report generation...
         Starting Permit User Sessions...
         Starting LSB: Set the CPU Frequency Scaling governor to "ondemand"...
         Starting LSB: daemon to balance interrupts for SMP systems...
[[0;32m  OK  [0m] Started LSB: Set the CPU Frequency Scaling governor to "ondemand".
[[0;32m  OK  [0m] Started LSB: MD monitoring daemon.
[[0;32m  OK  [0m] Started Permit User Sessions.
[[0;32m  OK  [0m] Started LSB: Set up cgroupfs mounts..
         Starting Hold until boot process finishes up...
         Starting Terminate Plymouth Boot Screen...
[[0;32m  OK  [0m] Started Hold until boot process finishes up.
[[0;32m  OK  [0m] Started Terminate Plymouth Boot Screen.
         Starting Set console scheme...
[[0;32m  OK  [0m] Started Serial Getty on ttyS0.
[[0;32m  OK  [0m] Started Getty on tty1.
[[0;32m  OK  [0m] Reached target Login Prompts.
[[0;32m  OK  [0m] Started LSB: daemon to balance interrupts for SMP systems.
[[0;32m  OK  [0m] Started Set console scheme.
[   32.275265] cloud-init[1079]: Cloud-init v. 18.2 running 'modules:config' at Fri, 10 Aug 2018 10:53:19 +0000. Up 31.08 seconds.
[[0;32m  OK  [0m] Started Apply the settings specified in cloud-config.
[[0;32m  OK  [0m] Started OpenBSD Secure Shell server.
[[0;32m  OK  [0m] Started Authenticate and Authorize Users to Run Privileged Tasks.
[[0;32m  OK  [0m] Started LSB: automatic crash report generation.
[[0;32m  OK  [0m] Started Accounts Service.
[[0;32m  OK  [0m] Started Virtualbox guest utils.
[[0;32m  OK  [0m] Started LXD - container startup/shutdown.
[[0;32m  OK  [0m] Started Snappy daemon.
         Starting Wait until snapd is fully seeded...
[[0;32m  OK  [0m] Started Wait until snapd is fully seeded.
[[0;32m  OK  [0m] Created slice User Slice of vagrant.
         Starting User Manager for UID 1000...
[[0;32m  OK  [0m] Started Session 1 of user vagrant.
[[0;32m  OK  [0m] Started User Manager for UID 1000.

Ubuntu 16.04.4 LTS ubuntu-xenial ttyS0

ubuntu-xenial login: [   42.751735] cloud-init[1613]: Cloud-init v. 18.2 running 'modules:final' at Fri, 10 Aug 2018 10:53:31 +0000. Up 42.63 seconds.
[   42.752270] cloud-init[1613]: Cloud-init v. 18.2 finished at Fri, 10 Aug 2018 10:53:31 +0000. Datasource DataSourceNoCloud [seed=/dev/sdb][dsmode=net].  Up 42.74 seconds
